2026-05-29 08:20:16,996 | INFO | database | Database initialised at C:\Users\pavit\AppData\Local\Temp\pytest-of-pavit\pytest-0\test_init_db_creates_tables0\attendance.db
2026-05-29 08:20:17,026 | INFO | database | Database initialised at C:\Users\pavit\AppData\Local\Temp\pytest-of-pavit\pytest-0\test_register_student_inserts_0\attendance.db
2026-05-29 08:20:17,038 | INFO | database | Registered student EG2020001 (Alice)
2026-05-29 08:20:17,070 | INFO | database | Database initialised at C:\Users\pavit\AppData\Local\Temp\pytest-of-pavit\pytest-0\test_duplicate_student_id_is_h0\attendance.db
2026-05-29 08:20:17,080 | INFO | database | Registered student EG2020002 (Bob)
2026-05-29 08:20:17,081 | WARNING | database | Student EG2020002 already registered
2026-05-29 08:20:17,112 | INFO | database | Database initialised at C:\Users\pavit\AppData\Local\Temp\pytest-of-pavit\pytest-0\test_mark_attendance_inserts_r0\attendance.db
2026-05-29 08:20:17,123 | INFO | database | Registered student EG2020003 (Carol)
2026-05-29 08:20:17,134 | INFO | database | Marked attendance for EG2020003 (Carol) session=session_A
2026-05-29 08:20:17,166 | INFO | database | Database initialised at C:\Users\pavit\AppData\Local\Temp\pytest-of-pavit\pytest-0\test_duplicate_attendance_with0\attendance.db
2026-05-29 08:20:17,178 | INFO | database | Registered student EG2020004 (Dave)
2026-05-29 08:20:17,187 | INFO | database | Marked attendance for EG2020004 (Dave) session=default
2026-05-29 08:20:17,203 | WARNING | database | Duplicate attendance for EG2020004 within 300s window (elapsed=0s)
2026-05-29 08:20:17,229 | INFO | database | Database initialised at C:\Users\pavit\AppData\Local\Temp\pytest-of-pavit\pytest-0\test_export_to_csv_creates_fil0\attendance.db
2026-05-29 08:20:17,240 | INFO | database | Registered student EG2020005 (Eve)
2026-05-29 08:20:17,251 | INFO | database | Marked attendance for EG2020005 (Eve) session=morning
2026-05-29 08:20:17,253 | INFO | database | Exported 1 rows to C:\Users\pavit\AppData\Local\Temp\pytest-of-pavit\pytest-0\test_export_to_csv_creates_fil0\csv\attendance_2026-05-29.csv
2026-05-29 08:26:01,152 | INFO | database | Database initialised at C:\Users\pavit\AppData\Local\Temp\pytest-of-pavit\pytest-1\test_init_db_creates_tables0\attendance.db
2026-05-29 08:26:01,186 | INFO | database | Database initialised at C:\Users\pavit\AppData\Local\Temp\pytest-of-pavit\pytest-1\test_register_student_inserts_0\attendance.db
2026-05-29 08:26:01,197 | INFO | database | Registered student EG2020001 (Alice)
2026-05-29 08:26:01,227 | INFO | database | Database initialised at C:\Users\pavit\AppData\Local\Temp\pytest-of-pavit\pytest-1\test_duplicate_student_id_is_h0\attendance.db
2026-05-29 08:26:01,239 | INFO | database | Registered student EG2020002 (Bob)
2026-05-29 08:26:01,240 | WARNING | database | Student EG2020002 already registered
2026-05-29 08:26:01,270 | INFO | database | Database initialised at C:\Users\pavit\AppData\Local\Temp\pytest-of-pavit\pytest-1\test_mark_attendance_inserts_r0\attendance.db
2026-05-29 08:26:01,282 | INFO | database | Registered student EG2020003 (Carol)
2026-05-29 08:26:01,293 | INFO | database | Marked attendance for EG2020003 (Carol) session=session_A
2026-05-29 08:26:01,323 | INFO | database | Database initialised at C:\Users\pavit\AppData\Local\Temp\pytest-of-pavit\pytest-1\test_duplicate_attendance_with0\attendance.db
2026-05-29 08:26:01,335 | INFO | database | Registered student EG2020004 (Dave)
2026-05-29 08:26:01,346 | INFO | database | Marked attendance for EG2020004 (Dave) session=default
2026-05-29 08:26:01,361 | WARNING | database | Duplicate attendance for EG2020004 within 300s window (elapsed=0s)
2026-05-29 08:26:01,391 | INFO | database | Database initialised at C:\Users\pavit\AppData\Local\Temp\pytest-of-pavit\pytest-1\test_export_to_csv_creates_fil0\attendance.db
2026-05-29 08:26:01,403 | INFO | database | Registered student EG2020005 (Eve)
2026-05-29 08:26:01,415 | INFO | database | Marked attendance for EG2020005 (Eve) session=morning
2026-05-29 08:26:01,417 | INFO | database | Exported 1 rows to C:\Users\pavit\AppData\Local\Temp\pytest-of-pavit\pytest-1\test_export_to_csv_creates_fil0\csv\attendance_2026-05-29.csv
2026-05-29 08:30:20,104 | INFO | database | Database initialised at C:\Users\pavit\AppData\Local\Temp\pytest-of-pavit\pytest-2\test_init_db_creates_tables0\attendance.db
2026-05-29 08:30:20,134 | INFO | database | Database initialised at C:\Users\pavit\AppData\Local\Temp\pytest-of-pavit\pytest-2\test_register_student_inserts_0\attendance.db
2026-05-29 08:30:20,146 | INFO | database | Registered student EG2020001 (Alice)
2026-05-29 08:30:20,172 | INFO | database | Database initialised at C:\Users\pavit\AppData\Local\Temp\pytest-of-pavit\pytest-2\test_duplicate_student_id_is_h0\attendance.db
2026-05-29 08:30:20,184 | INFO | database | Registered student EG2020002 (Bob)
2026-05-29 08:30:20,185 | WARNING | database | Student EG2020002 already registered
2026-05-29 08:30:20,208 | INFO | database | Database initialised at C:\Users\pavit\AppData\Local\Temp\pytest-of-pavit\pytest-2\test_mark_attendance_inserts_r0\attendance.db
2026-05-29 08:30:20,218 | INFO | database | Registered student EG2020003 (Carol)
2026-05-29 08:30:20,227 | INFO | database | Marked attendance for EG2020003 (Carol) session=session_A
2026-05-29 08:30:20,258 | INFO | database | Database initialised at C:\Users\pavit\AppData\Local\Temp\pytest-of-pavit\pytest-2\test_duplicate_attendance_with0\attendance.db
2026-05-29 08:30:20,268 | INFO | database | Registered student EG2020004 (Dave)
2026-05-29 08:30:20,276 | INFO | database | Marked attendance for EG2020004 (Dave) session=default
2026-05-29 08:30:20,291 | WARNING | database | Duplicate attendance for EG2020004 within 300s window (elapsed=0s)
2026-05-29 08:30:20,319 | INFO | database | Database initialised at C:\Users\pavit\AppData\Local\Temp\pytest-of-pavit\pytest-2\test_export_to_csv_creates_fil0\attendance.db
2026-05-29 08:30:20,327 | INFO | database | Registered student EG2020005 (Eve)
2026-05-29 08:30:20,337 | INFO | database | Marked attendance for EG2020005 (Eve) session=morning
2026-05-29 08:30:20,340 | INFO | database | Exported 1 rows to C:\Users\pavit\AppData\Local\Temp\pytest-of-pavit\pytest-2\test_export_to_csv_creates_fil0\csv\attendance_2026-05-29.csv
2026-05-29 08:56:27,060 | INFO | database | Database initialised at C:\Users\pavit\AppData\Local\Temp\pytest-of-pavit\pytest-3\test_init_db_creates_tables0\attendance.db
2026-05-29 08:56:27,092 | INFO | database | Database initialised at C:\Users\pavit\AppData\Local\Temp\pytest-of-pavit\pytest-3\test_register_student_inserts_0\attendance.db
2026-05-29 08:56:27,104 | INFO | database | Registered student EG2020001 (Alice)
2026-05-29 08:56:27,132 | INFO | database | Database initialised at C:\Users\pavit\AppData\Local\Temp\pytest-of-pavit\pytest-3\test_duplicate_student_id_is_h0\attendance.db
2026-05-29 08:56:27,144 | INFO | database | Registered student EG2020002 (Bob)
2026-05-29 08:56:27,145 | WARNING | database | Student EG2020002 already registered
2026-05-29 08:56:27,173 | INFO | database | Database initialised at C:\Users\pavit\AppData\Local\Temp\pytest-of-pavit\pytest-3\test_mark_attendance_inserts_r0\attendance.db
2026-05-29 08:56:27,185 | INFO | database | Registered student EG2020003 (Carol)
2026-05-29 08:56:27,197 | INFO | database | Marked attendance for EG2020003 (Carol) session=session_A
2026-05-29 08:56:27,225 | INFO | database | Database initialised at C:\Users\pavit\AppData\Local\Temp\pytest-of-pavit\pytest-3\test_duplicate_attendance_with0\attendance.db
2026-05-29 08:56:27,236 | INFO | database | Registered student EG2020004 (Dave)
2026-05-29 08:56:27,248 | INFO | database | Marked attendance for EG2020004 (Dave) session=default
2026-05-29 08:56:27,261 | WARNING | database | Duplicate attendance for EG2020004 within 300s window (elapsed=0s)
2026-05-29 08:56:27,288 | INFO | database | Database initialised at C:\Users\pavit\AppData\Local\Temp\pytest-of-pavit\pytest-3\test_export_to_csv_creates_fil0\attendance.db
2026-05-29 08:56:27,301 | INFO | database | Registered student EG2020005 (Eve)
2026-05-29 08:56:27,317 | INFO | database | Marked attendance for EG2020005 (Eve) session=morning
2026-05-29 08:56:27,319 | INFO | database | Exported 1 rows to C:\Users\pavit\AppData\Local\Temp\pytest-of-pavit\pytest-3\test_export_to_csv_creates_fil0\csv\attendance_2026-05-29.csv
2026-05-29 09:02:54,477 | INFO | database | Database initialised at C:\Users\pavit\AppData\Local\Temp\pytest-of-pavit\pytest-4\test_init_db_creates_tables0\attendance.db
2026-05-29 09:02:54,507 | INFO | database | Database initialised at C:\Users\pavit\AppData\Local\Temp\pytest-of-pavit\pytest-4\test_register_student_inserts_0\attendance.db
2026-05-29 09:02:54,518 | INFO | database | Registered student EG2020001 (Alice)
2026-05-29 09:02:54,550 | INFO | database | Database initialised at C:\Users\pavit\AppData\Local\Temp\pytest-of-pavit\pytest-4\test_duplicate_student_id_is_h0\attendance.db
2026-05-29 09:02:54,563 | INFO | database | Registered student EG2020002 (Bob)
2026-05-29 09:02:54,565 | WARNING | database | Student EG2020002 already registered
2026-05-29 09:02:54,590 | INFO | database | Database initialised at C:\Users\pavit\AppData\Local\Temp\pytest-of-pavit\pytest-4\test_mark_attendance_inserts_r0\attendance.db
2026-05-29 09:02:54,602 | INFO | database | Registered student EG2020003 (Carol)
2026-05-29 09:02:54,613 | INFO | database | Marked attendance for EG2020003 (Carol) session=session_A
2026-05-29 09:02:54,644 | INFO | database | Database initialised at C:\Users\pavit\AppData\Local\Temp\pytest-of-pavit\pytest-4\test_duplicate_attendance_with0\attendance.db
2026-05-29 09:02:54,655 | INFO | database | Registered student EG2020004 (Dave)
2026-05-29 09:02:54,666 | INFO | database | Marked attendance for EG2020004 (Dave) session=default
2026-05-29 09:02:54,684 | WARNING | database | Duplicate attendance for EG2020004 within 300s window (elapsed=1s)
2026-05-29 09:02:54,715 | INFO | database | Database initialised at C:\Users\pavit\AppData\Local\Temp\pytest-of-pavit\pytest-4\test_export_to_csv_creates_fil0\attendance.db
2026-05-29 09:02:54,728 | INFO | database | Registered student EG2020005 (Eve)
2026-05-29 09:02:54,740 | INFO | database | Marked attendance for EG2020005 (Eve) session=morning
2026-05-29 09:02:54,743 | INFO | database | Exported 1 rows to C:\Users\pavit\AppData\Local\Temp\pytest-of-pavit\pytest-4\test_export_to_csv_creates_fil0\csv\attendance_2026-05-29.csv
2026-05-29 09:03:01,681 | INFO | database | Database initialised at C:\Projects\VisionGate\data\attendance.db
2026-05-29 09:03:01,682 | INFO | main | VisionGate started
2026-05-29 09:03:21,197 | INFO | main | Menu selection: 1 — Enroll New Student
2026-05-29 09:03:33,913 | INFO | database | Database initialised at C:\Projects\VisionGate\data\attendance.db
2026-05-29 09:03:33,915 | INFO | enroll | Downloading BlazeFace model to C:\Projects\VisionGate\models\blaze_face_short_range.tflite
2026-05-29 09:03:36,828 | INFO | enroll | Starting enrollment for EG/2021/4385 (Pavith Adeesha), target=20
2026-05-29 09:03:43,662 | INFO | enroll | Captured 20 raw frames, 140 total training images (augmented)
2026-05-29 09:03:43,686 | INFO | main | Enrollment exited: None
2026-05-29 09:04:03,407 | INFO | database | Database initialised at C:\Projects\VisionGate\data\attendance.db
2026-05-29 09:04:03,408 | INFO | main | VisionGate started
2026-05-29 09:04:07,645 | INFO | main | Menu selection: 1 — Enroll New Student
2026-05-29 09:04:23,596 | INFO | database | Database initialised at C:\Projects\VisionGate\data\attendance.db
2026-05-29 09:04:24,299 | INFO | enroll | Starting enrollment for EG/2021/4385 (Pavith Adeesha), target=20
2026-05-29 09:04:27,342 | INFO | enroll | Captured 20 raw frames, 140 total training images (augmented)
2026-05-29 09:04:27,367 | INFO | main | Enrollment exited: None
2026-05-29 09:11:56,560 | INFO | database | Database initialised at C:\Users\pavit\AppData\Local\Temp\pytest-of-pavit\pytest-5\test_init_db_creates_tables0\attendance.db
2026-05-29 09:11:56,582 | INFO | database | Database initialised at C:\Users\pavit\AppData\Local\Temp\pytest-of-pavit\pytest-5\test_register_student_inserts_0\attendance.db
2026-05-29 09:11:56,592 | INFO | database | Registered student EG2020001 (Alice)
2026-05-29 09:11:56,611 | INFO | database | Database initialised at C:\Users\pavit\AppData\Local\Temp\pytest-of-pavit\pytest-5\test_duplicate_student_id_is_h0\attendance.db
2026-05-29 09:11:56,618 | INFO | database | Registered student EG2020002 (Bob)
2026-05-29 09:11:56,619 | WARNING | database | Student EG2020002 already registered
2026-05-29 09:11:56,636 | INFO | database | Database initialised at C:\Users\pavit\AppData\Local\Temp\pytest-of-pavit\pytest-5\test_mark_attendance_inserts_r0\attendance.db
2026-05-29 09:11:56,643 | INFO | database | Registered student EG2020003 (Carol)
2026-05-29 09:11:56,650 | INFO | database | Marked attendance for EG2020003 (Carol) session=session_A
2026-05-29 09:11:56,672 | INFO | database | Database initialised at C:\Users\pavit\AppData\Local\Temp\pytest-of-pavit\pytest-5\test_duplicate_attendance_with0\attendance.db
2026-05-29 09:11:56,679 | INFO | database | Registered student EG2020004 (Dave)
2026-05-29 09:11:56,685 | INFO | database | Marked attendance for EG2020004 (Dave) session=default
2026-05-29 09:11:56,699 | WARNING | database | Duplicate attendance for EG2020004 within 300s window (elapsed=1s)
2026-05-29 09:11:56,722 | INFO | database | Database initialised at C:\Users\pavit\AppData\Local\Temp\pytest-of-pavit\pytest-5\test_export_to_csv_creates_fil0\attendance.db
2026-05-29 09:11:56,729 | INFO | database | Registered student EG2020005 (Eve)
2026-05-29 09:11:56,736 | INFO | database | Marked attendance for EG2020005 (Eve) session=morning
2026-05-29 09:11:56,739 | INFO | database | Exported 1 rows to C:\Users\pavit\AppData\Local\Temp\pytest-of-pavit\pytest-5\test_export_to_csv_creates_fil0\csv\attendance_2026-05-29.csv
2026-05-29 09:12:53,982 | INFO | database | Database initialised at C:\Projects\VisionGate\data\attendance.db
2026-05-29 09:12:53,983 | INFO | main | VisionGate started
2026-05-29 09:13:04,030 | INFO | main | Menu selection: 1 — Enroll New Student
2026-05-29 09:13:18,328 | INFO | enroll | Sanitized student ID 'EG/2021/4385' -> 'EG_2021_4385'
2026-05-29 09:13:18,330 | INFO | database | Database initialised at C:\Projects\VisionGate\data\attendance.db
2026-05-29 09:13:19,036 | INFO | enroll | Starting enrollment for EG_2021_4385 (Pavith Adeesha), target=20
2026-05-29 09:13:22,413 | INFO | enroll | Captured 20 raw frames, 140 total training images (augmented)
2026-05-29 09:13:24,605 | WARNING | enroll | Encoding failed for image #2
2026-05-29 09:13:24,639 | WARNING | enroll | Encoding failed for image #3
2026-05-29 09:13:24,677 | WARNING | enroll | Encoding failed for image #4
2026-05-29 09:13:24,709 | WARNING | enroll | Encoding failed for image #5
2026-05-29 09:13:24,742 | WARNING | enroll | Encoding failed for image #6
2026-05-29 09:13:25,539 | WARNING | enroll | Encoding failed for image #9
2026-05-29 09:13:25,576 | WARNING | enroll | Encoding failed for image #10
2026-05-29 09:13:25,975 | WARNING | enroll | Encoding failed for image #12
2026-05-29 09:13:26,007 | WARNING | enroll | Encoding failed for image #13
2026-05-29 09:13:26,040 | WARNING | enroll | Encoding failed for image #14
2026-05-29 09:13:26,465 | WARNING | enroll | Encoding failed for image #16
2026-05-29 09:13:26,493 | WARNING | enroll | Encoding failed for image #17
2026-05-29 09:13:26,522 | WARNING | enroll | Encoding failed for image #18
2026-05-29 09:13:26,549 | WARNING | enroll | Encoding failed for image #19
2026-05-29 09:13:26,579 | WARNING | enroll | Encoding failed for image #20
2026-05-29 09:13:27,410 | WARNING | enroll | Encoding failed for image #23
2026-05-29 09:13:27,438 | WARNING | enroll | Encoding failed for image #24
2026-05-29 09:13:27,839 | WARNING | enroll | Encoding failed for image #26
2026-05-29 09:13:28,620 | WARNING | enroll | Encoding failed for image #29
2026-05-29 09:13:28,654 | WARNING | enroll | Encoding failed for image #30
2026-05-29 09:13:28,688 | WARNING | enroll | Encoding failed for image #31
2026-05-29 09:13:29,099 | WARNING | enroll | Encoding failed for image #33
2026-05-29 09:13:30,638 | WARNING | enroll | Encoding failed for image #38
2026-05-29 09:13:31,045 | WARNING | enroll | Encoding failed for image #40
2026-05-29 09:13:32,587 | WARNING | enroll | Encoding failed for image #45
2026-05-29 09:13:32,979 | WARNING | enroll | Encoding failed for image #47
2026-05-29 09:13:34,147 | WARNING | enroll | Encoding failed for image #51
2026-05-29 09:13:34,181 | WARNING | enroll | Encoding failed for image #52
2026-05-29 09:13:34,586 | WARNING | enroll | Encoding failed for image #54
2026-05-29 09:13:35,723 | WARNING | enroll | Encoding failed for image #58
2026-05-29 09:13:36,492 | WARNING | enroll | Encoding failed for image #61
2026-05-29 09:13:40,521 | WARNING | enroll | Encoding failed for image #73
2026-05-29 09:13:41,002 | WARNING | enroll | Encoding failed for image #75
2026-05-29 09:13:53,476 | WARNING | enroll | Encoding failed for image #110
2026-05-29 09:14:04,081 | INFO | enroll | Saved encodings to C:\Projects\VisionGate\data\encodings\encodings.pkl (total=106, students=1)
2026-05-29 09:14:04,630 | INFO | enroll | Trained new LBPH model with 140 samples
2026-05-29 09:14:05,041 | INFO | enroll | Saved LBPH model to C:\Projects\VisionGate\data\encodings\lbph_model.yml
2026-05-29 09:14:05,061 | INFO | database | Registered student EG_2021_4385 (Pavith Adeesha)
2026-05-29 09:14:29,720 | INFO | main | Menu selection: 3 — Open Dashboard
2026-05-29 09:14:29,721 | INFO | main | Launching dashboard: C:\Python314\python.exe -m streamlit run C:\Projects\VisionGate\dashboard.py --server.port 8501
2026-05-29 09:17:39,655 | INFO | database | Database initialised at C:\Users\pavit\AppData\Local\Temp\pytest-of-pavit\pytest-6\test_init_db_creates_tables0\attendance.db
2026-05-29 09:17:39,674 | INFO | database | Database initialised at C:\Users\pavit\AppData\Local\Temp\pytest-of-pavit\pytest-6\test_register_student_inserts_0\attendance.db
2026-05-29 09:17:39,682 | INFO | database | Registered student EG2020001 (Alice)
2026-05-29 09:17:39,703 | INFO | database | Database initialised at C:\Users\pavit\AppData\Local\Temp\pytest-of-pavit\pytest-6\test_duplicate_student_id_is_h0\attendance.db
2026-05-29 09:17:39,711 | INFO | database | Registered student EG2020002 (Bob)
2026-05-29 09:17:39,712 | WARNING | database | Student EG2020002 already registered
2026-05-29 09:17:39,731 | INFO | database | Database initialised at C:\Users\pavit\AppData\Local\Temp\pytest-of-pavit\pytest-6\test_mark_attendance_inserts_r0\attendance.db
2026-05-29 09:17:39,738 | INFO | database | Registered student EG2020003 (Carol)
2026-05-29 09:17:39,746 | INFO | database | Marked attendance for EG2020003 (Carol) session=session_A
2026-05-29 09:17:39,771 | INFO | database | Database initialised at C:\Users\pavit\AppData\Local\Temp\pytest-of-pavit\pytest-6\test_duplicate_attendance_with0\attendance.db
2026-05-29 09:17:39,780 | INFO | database | Registered student EG2020004 (Dave)
2026-05-29 09:17:39,786 | INFO | database | Marked attendance for EG2020004 (Dave) session=default
2026-05-29 09:17:39,801 | WARNING | database | Duplicate attendance for EG2020004 within 300s window (elapsed=1s)
2026-05-29 09:17:39,819 | INFO | database | Database initialised at C:\Users\pavit\AppData\Local\Temp\pytest-of-pavit\pytest-6\test_export_to_csv_creates_fil0\attendance.db
2026-05-29 09:17:39,828 | INFO | database | Registered student EG2020005 (Eve)
2026-05-29 09:17:39,835 | INFO | database | Marked attendance for EG2020005 (Eve) session=morning
2026-05-29 09:17:39,837 | INFO | database | Exported 1 rows to C:\Users\pavit\AppData\Local\Temp\pytest-of-pavit\pytest-6\test_export_to_csv_creates_fil0\csv\attendance_2026-05-29.csv
2026-05-29 09:18:54,643 | INFO | database | Database initialised at C:\Projects\VisionGate\data\attendance.db
2026-05-29 09:18:54,643 | INFO | main | VisionGate started
2026-05-29 09:18:57,476 | INFO | main | Menu selection: 2 — Start Attendance Session
2026-05-29 09:18:59,902 | INFO | database | Database initialised at C:\Projects\VisionGate\data\attendance.db
2026-05-29 09:19:00,321 | INFO | recognize | Loaded LBPH model from C:\Projects\VisionGate\data\encodings\lbph_model.yml
2026-05-29 09:19:00,322 | INFO | recognize | Startup: 1 enrolled student(s), 106 total encoding(s), LBPH=loaded
2026-05-29 09:19:00,322 | INFO | recognize | Recognition session: 2026-05-29_09-00
2026-05-29 09:19:00,400 | INFO | anti_spoof | Downloading dlib 68-point landmark model to C:\Projects\VisionGate\models\shape_predictor_68_face_landmarks.dat.bz2
2026-05-29 09:20:23,115 | INFO | anti_spoof | Extracting C:\Projects\VisionGate\models\shape_predictor_68_face_landmarks.dat.bz2
2026-05-29 09:20:29,876 | WARNING | recognize | Spoof / no-blink detected for Pavith Adeesha
2026-05-29 09:20:30,316 | WARNING | recognize | Spoof / no-blink detected for Pavith Adeesha
2026-05-29 09:20:30,753 | WARNING | recognize | Spoof / no-blink detected for Pavith Adeesha
2026-05-29 09:20:31,250 | WARNING | recognize | Spoof / no-blink detected for Pavith Adeesha
2026-05-29 09:20:31,719 | WARNING | recognize | Spoof / no-blink detected for Pavith Adeesha
2026-05-29 09:20:32,173 | WARNING | recognize | Spoof / no-blink detected for Pavith Adeesha
2026-05-29 09:20:32,621 | WARNING | recognize | Spoof / no-blink detected for Pavith Adeesha
2026-05-29 09:20:33,101 | WARNING | recognize | Spoof / no-blink detected for Pavith Adeesha
2026-05-29 09:20:33,585 | WARNING | recognize | Spoof / no-blink detected for Pavith Adeesha
2026-05-29 09:20:34,111 | WARNING | recognize | Spoof / no-blink detected for Pavith Adeesha
2026-05-29 09:20:34,638 | WARNING | recognize | Spoof / no-blink detected for Pavith Adeesha
2026-05-29 09:20:35,121 | WARNING | recognize | Spoof / no-blink detected for Pavith Adeesha
2026-05-29 09:20:35,571 | WARNING | recognize | Spoof / no-blink detected for Pavith Adeesha
2026-05-29 09:20:36,048 | WARNING | recognize | Spoof / no-blink detected for Pavith Adeesha
2026-05-29 09:20:36,520 | WARNING | recognize | Spoof / no-blink detected for Pavith Adeesha
2026-05-29 09:20:37,036 | WARNING | recognize | Spoof / no-blink detected for Pavith Adeesha
2026-05-29 09:20:37,530 | WARNING | recognize | Spoof / no-blink detected for Pavith Adeesha
2026-05-29 09:20:37,959 | WARNING | recognize | Spoof / no-blink detected for Pavith Adeesha
2026-05-29 09:20:38,398 | WARNING | recognize | Spoof / no-blink detected for Pavith Adeesha
2026-05-29 09:20:38,812 | WARNING | recognize | Spoof / no-blink detected for Pavith Adeesha
2026-05-29 09:20:39,237 | WARNING | recognize | Spoof / no-blink detected for Pavith Adeesha
2026-05-29 09:20:39,678 | WARNING | recognize | Spoof / no-blink detected for Pavith Adeesha
2026-05-29 09:20:40,113 | WARNING | recognize | Spoof / no-blink detected for Pavith Adeesha
2026-05-29 09:20:40,553 | WARNING | recognize | Spoof / no-blink detected for Pavith Adeesha
2026-05-29 09:20:41,020 | WARNING | recognize | Spoof / no-blink detected for Pavith Adeesha
2026-05-29 09:20:41,446 | WARNING | recognize | Spoof / no-blink detected for Pavith Adeesha
2026-05-29 09:20:41,864 | WARNING | recognize | Spoof / no-blink detected for Pavith Adeesha
2026-05-29 09:20:42,352 | WARNING | recognize | Spoof / no-blink detected for Pavith Adeesha
2026-05-29 09:20:42,841 | WARNING | recognize | Spoof / no-blink detected for Pavith Adeesha
2026-05-29 09:20:43,299 | WARNING | recognize | Spoof / no-blink detected for Pavith Adeesha
2026-05-29 09:20:43,732 | WARNING | recognize | Spoof / no-blink detected for Pavith Adeesha
2026-05-29 09:20:44,156 | WARNING | recognize | Spoof / no-blink detected for Pavith Adeesha
2026-05-29 09:20:44,602 | WARNING | recognize | Spoof / no-blink detected for Pavith Adeesha
2026-05-29 09:20:45,033 | WARNING | recognize | Spoof / no-blink detected for Pavith Adeesha
2026-05-29 09:20:45,465 | WARNING | recognize | Spoof / no-blink detected for Pavith Adeesha
2026-05-29 09:20:45,931 | WARNING | recognize | Spoof / no-blink detected for Pavith Adeesha
2026-05-29 09:20:46,368 | WARNING | recognize | Spoof / no-blink detected for Pavith Adeesha
2026-05-29 09:20:46,806 | WARNING | recognize | Spoof / no-blink detected for Pavith Adeesha
2026-05-29 09:20:47,244 | WARNING | recognize | Spoof / no-blink detected for Pavith Adeesha
2026-05-29 09:20:47,726 | WARNING | recognize | Spoof / no-blink detected for Pavith Adeesha
2026-05-29 09:20:48,241 | WARNING | recognize | Spoof / no-blink detected for Pavith Adeesha
2026-05-29 09:20:48,742 | WARNING | recognize | Spoof / no-blink detected for Pavith Adeesha
2026-05-29 09:20:49,190 | WARNING | recognize | Spoof / no-blink detected for Pavith Adeesha
2026-05-29 09:20:49,606 | WARNING | recognize | Spoof / no-blink detected for Pavith Adeesha
2026-05-29 09:20:50,030 | WARNING | recognize | Spoof / no-blink detected for Pavith Adeesha
2026-05-29 09:20:50,463 | WARNING | recognize | Spoof / no-blink detected for Pavith Adeesha
2026-05-29 09:20:50,901 | WARNING | recognize | Spoof / no-blink detected for Pavith Adeesha
2026-05-29 09:20:51,320 | WARNING | recognize | Spoof / no-blink detected for Pavith Adeesha
2026-05-29 09:20:51,744 | WARNING | recognize | Spoof / no-blink detected for Pavith Adeesha
2026-05-29 09:20:52,209 | WARNING | recognize | Spoof / no-blink detected for Pavith Adeesha
2026-05-29 09:20:52,621 | WARNING | recognize | Spoof / no-blink detected for Pavith Adeesha
2026-05-29 09:20:53,126 | WARNING | recognize | Spoof / no-blink detected for Pavith Adeesha
2026-05-29 09:20:53,625 | WARNING | recognize | Spoof / no-blink detected for Pavith Adeesha
2026-05-29 09:20:54,131 | WARNING | recognize | Spoof / no-blink detected for Pavith Adeesha
2026-05-29 09:20:54,569 | WARNING | recognize | Spoof / no-blink detected for Pavith Adeesha
2026-05-29 09:20:54,994 | WARNING | recognize | Spoof / no-blink detected for Pavith Adeesha
2026-05-29 09:20:55,436 | WARNING | recognize | Spoof / no-blink detected for Pavith Adeesha
2026-05-29 09:20:55,878 | WARNING | recognize | Spoof / no-blink detected for Pavith Adeesha
2026-05-29 09:20:56,314 | WARNING | recognize | Spoof / no-blink detected for Pavith Adeesha
2026-05-29 09:20:56,753 | WARNING | anti_spoof | No blink detected in last 60 frames — possible spoof
2026-05-29 09:20:56,754 | WARNING | recognize | Spoof / no-blink detected for Pavith Adeesha
2026-05-29 09:20:57,233 | WARNING | recognize | Spoof / no-blink detected for Pavith Adeesha
2026-05-29 09:20:57,667 | WARNING | recognize | Spoof / no-blink detected for Pavith Adeesha
2026-05-29 09:20:58,102 | WARNING | recognize | Spoof / no-blink detected for Pavith Adeesha
2026-05-29 09:20:58,539 | WARNING | recognize | Spoof / no-blink detected for Pavith Adeesha
2026-05-29 09:20:59,031 | WARNING | recognize | Spoof / no-blink detected for Pavith Adeesha
2026-05-29 09:20:59,546 | WARNING | recognize | Spoof / no-blink detected for Pavith Adeesha
2026-05-29 09:21:00,039 | WARNING | recognize | Spoof / no-blink detected for Pavith Adeesha
2026-05-29 09:21:00,502 | WARNING | recognize | Spoof / no-blink detected for Pavith Adeesha
2026-05-29 09:21:00,922 | WARNING | recognize | Spoof / no-blink detected for Pavith Adeesha
2026-05-29 09:21:01,369 | WARNING | recognize | Spoof / no-blink detected for Pavith Adeesha
2026-05-29 09:21:01,836 | WARNING | recognize | Spoof / no-blink detected for Pavith Adeesha
2026-05-29 09:21:02,275 | WARNING | recognize | Spoof / no-blink detected for Pavith Adeesha
2026-05-29 09:21:02,718 | WARNING | recognize | Spoof / no-blink detected for Pavith Adeesha
2026-05-29 09:21:03,184 | WARNING | recognize | Spoof / no-blink detected for Pavith Adeesha
2026-05-29 09:21:03,627 | WARNING | recognize | Spoof / no-blink detected for Pavith Adeesha
2026-05-29 09:21:04,040 | WARNING | recognize | Spoof / no-blink detected for Pavith Adeesha
2026-05-29 09:21:04,540 | WARNING | recognize | Spoof / no-blink detected for Pavith Adeesha
2026-05-29 09:21:05,016 | WARNING | recognize | Spoof / no-blink detected for Pavith Adeesha
2026-05-29 09:21:05,534 | WARNING | recognize | Spoof / no-blink detected for Pavith Adeesha
2026-05-29 09:21:06,032 | WARNING | recognize | Spoof / no-blink detected for Pavith Adeesha
2026-05-29 09:21:06,461 | WARNING | recognize | Spoof / no-blink detected for Pavith Adeesha
2026-05-29 09:21:06,905 | WARNING | recognize | Spoof / no-blink detected for Pavith Adeesha
2026-05-29 09:21:07,363 | WARNING | recognize | Spoof / no-blink detected for Pavith Adeesha
2026-05-29 09:21:07,844 | WARNING | recognize | Spoof / no-blink detected for Pavith Adeesha
2026-05-29 09:21:08,319 | WARNING | recognize | Spoof / no-blink detected for Pavith Adeesha
2026-05-29 09:21:08,775 | WARNING | recognize | Spoof / no-blink detected for Pavith Adeesha
2026-05-29 09:21:09,276 | WARNING | recognize | Spoof / no-blink detected for Pavith Adeesha
2026-05-29 09:21:09,756 | WARNING | recognize | Spoof / no-blink detected for Pavith Adeesha
2026-05-29 09:21:10,260 | WARNING | recognize | Spoof / no-blink detected for Pavith Adeesha
2026-05-29 09:21:10,763 | WARNING | recognize | Spoof / no-blink detected for Pavith Adeesha
2026-05-29 09:21:11,257 | WARNING | recognize | Spoof / no-blink detected for Pavith Adeesha
2026-05-29 09:21:11,775 | WARNING | recognize | Spoof / no-blink detected for Pavith Adeesha
2026-05-29 09:21:12,260 | WARNING | recognize | Spoof / no-blink detected for Pavith Adeesha
2026-05-29 09:21:12,723 | WARNING | recognize | Spoof / no-blink detected for Pavith Adeesha
2026-05-29 09:21:13,182 | WARNING | recognize | Spoof / no-blink detected for Pavith Adeesha
2026-05-29 09:21:13,643 | WARNING | recognize | Spoof / no-blink detected for Pavith Adeesha
2026-05-29 09:21:14,104 | WARNING | recognize | Spoof / no-blink detected for Pavith Adeesha
2026-05-29 09:21:14,585 | WARNING | recognize | Spoof / no-blink detected for Pavith Adeesha
2026-05-29 09:21:15,051 | WARNING | recognize | Spoof / no-blink detected for Pavith Adeesha
2026-05-29 09:21:15,562 | WARNING | recognize | Spoof / no-blink detected for Pavith Adeesha
2026-05-29 09:21:16,061 | WARNING | recognize | Spoof / no-blink detected for Pavith Adeesha
2026-05-29 09:21:16,570 | WARNING | recognize | Spoof / no-blink detected for Pavith Adeesha
2026-05-29 09:21:17,073 | WARNING | recognize | Spoof / no-blink detected for Pavith Adeesha
2026-05-29 09:21:17,555 | WARNING | recognize | Spoof / no-blink detected for Pavith Adeesha
2026-05-29 09:21:18,031 | WARNING | recognize | Spoof / no-blink detected for Pavith Adeesha
2026-05-29 09:21:18,524 | WARNING | recognize | Spoof / no-blink detected for Pavith Adeesha
2026-05-29 09:21:18,986 | WARNING | recognize | Spoof / no-blink detected for Pavith Adeesha
2026-05-29 09:21:19,437 | WARNING | recognize | Spoof / no-blink detected for Pavith Adeesha
2026-05-29 09:21:19,939 | WARNING | recognize | Spoof / no-blink detected for Pavith Adeesha
2026-05-29 09:21:20,445 | WARNING | recognize | Spoof / no-blink detected for Pavith Adeesha
2026-05-29 09:21:20,890 | WARNING | recognize | Spoof / no-blink detected for Pavith Adeesha
2026-05-29 09:21:21,326 | WARNING | recognize | Spoof / no-blink detected for Pavith Adeesha
2026-05-29 09:21:21,850 | WARNING | recognize | Spoof / no-blink detected for Pavith Adeesha
2026-05-29 09:21:22,366 | WARNING | recognize | Spoof / no-blink detected for Pavith Adeesha
2026-05-29 09:21:22,871 | WARNING | recognize | Spoof / no-blink detected for Pavith Adeesha
2026-05-29 09:21:23,380 | WARNING | recognize | Spoof / no-blink detected for Pavith Adeesha
2026-05-29 09:21:23,839 | WARNING | recognize | Spoof / no-blink detected for Pavith Adeesha
2026-05-29 09:21:24,337 | WARNING | recognize | Spoof / no-blink detected for Pavith Adeesha
2026-05-29 09:21:24,809 | WARNING | recognize | Spoof / no-blink detected for Pavith Adeesha
2026-05-29 09:21:25,291 | WARNING | anti_spoof | No blink detected in last 60 frames — possible spoof
2026-05-29 09:21:25,292 | WARNING | recognize | Spoof / no-blink detected for Pavith Adeesha
2026-05-29 09:21:25,745 | WARNING | recognize | Spoof / no-blink detected for Pavith Adeesha
2026-05-29 09:21:26,232 | WARNING | recognize | Spoof / no-blink detected for Pavith Adeesha
2026-05-29 09:21:26,750 | WARNING | recognize | Spoof / no-blink detected for Pavith Adeesha
2026-05-29 09:21:27,250 | WARNING | recognize | Spoof / no-blink detected for Pavith Adeesha
2026-05-29 09:21:27,750 | WARNING | recognize | Spoof / no-blink detected for Pavith Adeesha
2026-05-29 09:21:28,249 | WARNING | recognize | Spoof / no-blink detected for Pavith Adeesha
2026-05-29 09:21:28,727 | WARNING | recognize | Spoof / no-blink detected for Pavith Adeesha
2026-05-29 09:21:29,186 | INFO | database | Marked attendance for EG_2021_4385 (Pavith Adeesha) session=2026-05-29_09-00
2026-05-29 09:21:29,187 | INFO | recognize | Attendance marked: Pavith Adeesha (72.47%)
2026-05-29 09:21:29,646 | WARNING | database | Duplicate attendance for EG_2021_4385 within 300s window (elapsed=1s)
2026-05-29 09:21:30,094 | WARNING | database | Duplicate attendance for EG_2021_4385 within 300s window (elapsed=1s)
2026-05-29 09:21:30,590 | WARNING | database | Duplicate attendance for EG_2021_4385 within 300s window (elapsed=2s)
2026-05-29 09:21:31,077 | WARNING | database | Duplicate attendance for EG_2021_4385 within 300s window (elapsed=2s)
2026-05-29 09:21:31,601 | WARNING | database | Duplicate attendance for EG_2021_4385 within 300s window (elapsed=3s)
2026-05-29 09:21:32,195 | WARNING | database | Duplicate attendance for EG_2021_4385 within 300s window (elapsed=3s)
2026-05-29 09:21:32,674 | WARNING | database | Duplicate attendance for EG_2021_4385 within 300s window (elapsed=4s)
2026-05-29 09:21:33,228 | WARNING | database | Duplicate attendance for EG_2021_4385 within 300s window (elapsed=4s)
2026-05-29 09:21:33,758 | WARNING | database | Duplicate attendance for EG_2021_4385 within 300s window (elapsed=5s)
2026-05-29 09:21:34,261 | WARNING | database | Duplicate attendance for EG_2021_4385 within 300s window (elapsed=5s)
2026-05-29 09:21:34,807 | WARNING | database | Duplicate attendance for EG_2021_4385 within 300s window (elapsed=6s)
2026-05-29 09:21:35,263 | WARNING | database | Duplicate attendance for EG_2021_4385 within 300s window (elapsed=6s)
2026-05-29 09:21:35,753 | WARNING | database | Duplicate attendance for EG_2021_4385 within 300s window (elapsed=7s)
2026-05-29 09:21:36,302 | WARNING | database | Duplicate attendance for EG_2021_4385 within 300s window (elapsed=7s)
2026-05-29 09:21:36,781 | WARNING | database | Duplicate attendance for EG_2021_4385 within 300s window (elapsed=8s)
2026-05-29 09:21:37,260 | WARNING | database | Duplicate attendance for EG_2021_4385 within 300s window (elapsed=8s)
2026-05-29 09:21:37,734 | WARNING | database | Duplicate attendance for EG_2021_4385 within 300s window (elapsed=9s)
2026-05-29 09:21:38,249 | WARNING | database | Duplicate attendance for EG_2021_4385 within 300s window (elapsed=9s)
2026-05-29 09:21:38,762 | WARNING | database | Duplicate attendance for EG_2021_4385 within 300s window (elapsed=10s)
2026-05-29 09:21:39,308 | WARNING | database | Duplicate attendance for EG_2021_4385 within 300s window (elapsed=10s)
2026-05-29 09:21:39,789 | WARNING | database | Duplicate attendance for EG_2021_4385 within 300s window (elapsed=11s)
2026-05-29 09:21:40,272 | WARNING | database | Duplicate attendance for EG_2021_4385 within 300s window (elapsed=11s)
2026-05-29 09:21:40,753 | WARNING | database | Duplicate attendance for EG_2021_4385 within 300s window (elapsed=12s)
2026-05-29 09:21:41,268 | WARNING | database | Duplicate attendance for EG_2021_4385 within 300s window (elapsed=12s)
2026-05-29 09:21:41,788 | WARNING | database | Duplicate attendance for EG_2021_4385 within 300s window (elapsed=13s)
2026-05-29 09:21:42,248 | WARNING | database | Duplicate attendance for EG_2021_4385 within 300s window (elapsed=13s)
2026-05-29 09:21:42,726 | WARNING | database | Duplicate attendance for EG_2021_4385 within 300s window (elapsed=14s)
2026-05-29 09:21:43,231 | WARNING | database | Duplicate attendance for EG_2021_4385 within 300s window (elapsed=14s)
2026-05-29 09:21:43,844 | WARNING | database | Duplicate attendance for EG_2021_4385 within 300s window (elapsed=15s)
2026-05-29 09:21:44,324 | WARNING | database | Duplicate attendance for EG_2021_4385 within 300s window (elapsed=15s)
2026-05-29 09:21:44,857 | WARNING | database | Duplicate attendance for EG_2021_4385 within 300s window (elapsed=16s)
2026-05-29 09:21:45,359 | WARNING | database | Duplicate attendance for EG_2021_4385 within 300s window (elapsed=16s)
2026-05-29 09:21:45,868 | WARNING | database | Duplicate attendance for EG_2021_4385 within 300s window (elapsed=17s)
2026-05-29 09:21:46,488 | WARNING | database | Duplicate attendance for EG_2021_4385 within 300s window (elapsed=17s)
2026-05-29 09:21:46,974 | WARNING | database | Duplicate attendance for EG_2021_4385 within 300s window (elapsed=18s)
2026-05-29 09:21:47,458 | WARNING | database | Duplicate attendance for EG_2021_4385 within 300s window (elapsed=18s)
2026-05-29 09:21:48,063 | WARNING | database | Duplicate attendance for EG_2021_4385 within 300s window (elapsed=19s)
2026-05-29 09:21:48,537 | WARNING | database | Duplicate attendance for EG_2021_4385 within 300s window (elapsed=20s)
2026-05-29 09:21:49,029 | WARNING | database | Duplicate attendance for EG_2021_4385 within 300s window (elapsed=20s)
2026-05-29 09:21:49,489 | WARNING | database | Duplicate attendance for EG_2021_4385 within 300s window (elapsed=20s)
2026-05-29 09:21:50,013 | WARNING | database | Duplicate attendance for EG_2021_4385 within 300s window (elapsed=21s)
2026-05-29 09:21:50,572 | WARNING | database | Duplicate attendance for EG_2021_4385 within 300s window (elapsed=22s)
2026-05-29 09:21:51,052 | WARNING | database | Duplicate attendance for EG_2021_4385 within 300s window (elapsed=22s)
2026-05-29 09:21:53,508 | WARNING | database | Duplicate attendance for EG_2021_4385 within 300s window (elapsed=25s)
2026-05-29 09:21:54,080 | WARNING | database | Duplicate attendance for EG_2021_4385 within 300s window (elapsed=25s)
2026-05-29 09:21:54,979 | WARNING | database | Duplicate attendance for EG_2021_4385 within 300s window (elapsed=26s)
2026-05-29 09:21:55,500 | WARNING | database | Duplicate attendance for EG_2021_4385 within 300s window (elapsed=26s)
2026-05-29 09:21:55,994 | WARNING | database | Duplicate attendance for EG_2021_4385 within 300s window (elapsed=27s)
2026-05-29 09:21:56,441 | WARNING | database | Duplicate attendance for EG_2021_4385 within 300s window (elapsed=27s)
2026-05-29 09:21:59,363 | WARNING | database | Duplicate attendance for EG_2021_4385 within 300s window (elapsed=30s)
2026-05-29 09:21:59,832 | WARNING | database | Duplicate attendance for EG_2021_4385 within 300s window (elapsed=31s)
2026-05-29 09:22:00,567 | WARNING | database | Duplicate attendance for EG_2021_4385 within 300s window (elapsed=32s)
2026-05-29 09:22:01,106 | WARNING | recognize | Spoof / no-blink detected for Pavith Adeesha
2026-05-29 09:22:01,618 | WARNING | recognize | Spoof / no-blink detected for Pavith Adeesha
2026-05-29 09:22:02,159 | WARNING | recognize | Spoof / no-blink detected for Pavith Adeesha
2026-05-29 09:22:02,663 | WARNING | recognize | Spoof / no-blink detected for Pavith Adeesha
2026-05-29 09:22:03,172 | WARNING | recognize | Spoof / no-blink detected for Pavith Adeesha
2026-05-29 09:22:03,651 | WARNING | recognize | Spoof / no-blink detected for Pavith Adeesha
2026-05-29 09:22:04,606 | INFO | recognize | === SESSION SUMMARY ===
2026-05-29 09:22:04,608 | INFO | recognize | Session ID: 2026-05-29_09-00
2026-05-29 09:22:04,609 | INFO | recognize | Students recognized: 1
2026-05-29 09:22:04,610 | INFO | recognize |   EG_2021_4385 (Pavith Adeesha): seen 53 times
2026-05-29 09:22:04,615 | INFO | database | Exported 1 rows to C:\Projects\VisionGate\data\attendance\attendance_2026-05-29.csv
2026-05-29 09:22:04,616 | INFO | recognize | Attendance exported to C:\Projects\VisionGate\data\attendance\attendance_2026-05-29.csv
2026-05-29 09:22:04,616 | WARNING | main | Recognition interrupted by user
